<?xml version="1.0" encoding="UTF-8"?>
<testng-results ignored="0" total="2" passed="2" failed="0" skipped="0">
  <reporter-output>
    <line>
      <![CDATA[Navigated to URL: https://www.saucedemo.com/]]>
    </line>
    <line>
      <![CDATA[User logged in with username: standard_user]]>
    </line>
    <line>
      <![CDATA[Clicked on 'Add to Cart' button]]>
    </line>
    <line>
      <![CDATA[Item is added to cart]]>
    </line>
  </reporter-output>
  <suite started-at="2024-11-06T20:25:36 IST" name="Default suite" finished-at="2024-11-06T20:25:55 IST" duration-ms="18844">
    <groups>
      <group name="cucumber">
        <method signature="AbstractTestNGCucumberTests.runScenario(io.cucumber.testng.PickleWrapper,io.cucumber.testng.FeatureWrapper)[pri:0, instance:runners.CucumberRunner@7ce69770]" name="runScenario" class="io.cucumber.testng.AbstractTestNGCucumberTests"/>
      </group> <!-- cucumber -->
    </groups>
    <test started-at="2024-11-06T20:25:36 IST" name="Default test" finished-at="2024-11-06T20:25:55 IST" duration-ms="18844">
      <class name="runners.CucumberRunner">
        <test-method is-config="true" signature="setUpClass(org.testng.ITestContext)[pri:0, instance:runners.CucumberRunner@7ce69770]" started-at="2024-11-06T20:25:36 IST" name="setUpClass" finished-at="2024-11-06T20:25:36 IST" duration-ms="414" status="PASS">
          <params>
            <param index="0">
              <value>
                <![CDATA[org.testng.TestRunner@52226e57]]>
              </value>
            </param>
          </params>
          <reporter-output>
          </reporter-output>
        </test-method> <!-- setUpClass -->
        <test-method signature="runScenario(io.cucumber.testng.PickleWrapper,io.cucumber.testng.FeatureWrapper)[pri:0, instance:runners.CucumberRunner@7ce69770]" started-at="2024-11-06T20:25:36 IST" name="runScenario" description="Runs Cucumber Scenarios" data-provider="scenarios" finished-at="2024-11-06T20:25:47 IST" duration-ms="10651" status="PASS">
          <params>
            <param index="0">
              <value>
                <![CDATA["Verify that user is able to add product to cart"]]>
              </value>
            </param>
            <param index="1">
              <value>
                <![CDATA["AddToCart"]]>
              </value>
            </param>
          </params>
          <reporter-output>
            <line>
              <![CDATA[Navigated to URL: https://www.saucedemo.com/]]>
            </line>
            <line>
              <![CDATA[User logged in with username: standard_user]]>
            </line>
            <line>
              <![CDATA[Clicked on 'Add to Cart' button]]>
            </line>
            <line>
              <![CDATA[Item is added to cart]]>
            </line>
          </reporter-output>
        </test-method> <!-- runScenario -->
        <test-method signature="runScenario(io.cucumber.testng.PickleWrapper,io.cucumber.testng.FeatureWrapper)[pri:0, instance:runners.CucumberRunner@7ce69770]" started-at="2024-11-06T20:25:47 IST" name="runScenario" description="Runs Cucumber Scenarios" data-provider="scenarios" finished-at="2024-11-06T20:25:55 IST" duration-ms="7438" status="PASS">
          <params>
            <param index="0">
              <value>
                <![CDATA["validate user able to login and logout from the browser"]]>
              </value>
            </param>
            <param index="1">
              <value>
                <![CDATA["Login Swag"]]>
              </value>
            </param>
          </params>
          <reporter-output>
          </reporter-output>
        </test-method> <!-- runScenario -->
        <test-method is-config="true" signature="tearDownClass()[pri:0, instance:runners.CucumberRunner@7ce69770]" started-at="2024-11-06T20:25:55 IST" name="tearDownClass" finished-at="2024-11-06T20:25:55 IST" duration-ms="296" status="PASS">
          <reporter-output>
          </reporter-output>
        </test-method> <!-- tearDownClass -->
      </class> <!-- runners.CucumberRunner -->
    </test> <!-- Default test -->
  </suite> <!-- Default suite -->
</testng-results>
